<?xml version="1.0" encoding="UTF-8"?>
<!-- Generated by org.testng.reporters.JUnitXMLReporter -->
<testsuite hostname="DESKTOP-LPU85BR" ignored="0" name="Default test" tests="3" failures="0" timestamp="07 Aug 2021 04:10:40 GMT" time="72.817" errors="0">
  <testcase name="test" time="34.592" classname="com.sample.Sample"/>
  <testcase name="test" time="21.659" classname="com.sample.Sample"/>
  <testcase name="test" time="16.398" classname="com.sample.Sample"/>
</testsuite> <!-- Default test -->
