<?xml version="1.0" encoding="UTF-8"?>
<!-- Generated by org.testng.reporters.JUnitXMLReporter -->
<testsuite hostname="DESKTOP-LPU85BR" ignored="0" name="EdgeTest" tests="1" failures="1" timestamp="06 Aug 2021 07:11:25 GMT" time="65.327" errors="0">
  <testcase name="test1" time="64.918" classname="com.sample.Day10Parameters">
    <failure type="org.openqa.selenium.SessionNotCreatedException" message="session not created: This version of MSEdgeDriver only supports MSEdge version 90
Current browser version is 92.0.902.62 with binary path C:\Program Files (x86)\Microsoft\Edge\Application\msedge.exe
Build info: version: &amp;apos;3.141.59&amp;apos;, revision: &amp;apos;e82be7d358&amp;apos;, time: &amp;apos;2018-11-14T08:25:53&amp;apos;
System info: host: &amp;apos;DESKTOP-LPU85BR&amp;apos;, ip: &amp;apos;192.168.1.6&amp;apos;, os.name: &amp;apos;Windows 10&amp;apos;, os.arch: &amp;apos;amd64&amp;apos;, os.version: &amp;apos;10.0&amp;apos;, java.version: &amp;apos;1.8.0_281&amp;apos;
Driver info: driver.version: EdgeDriver
remote stacktrace: Backtrace:
	Ordinal0 [0x00007FF62ACC5CB2+4676786]
	Ordinal0 [0x00007FF62A96D677+1169015]
	Ordinal0 [0x00007FF62A99631A+1336090]
	Ordinal0 [0x00007FF62A992544+1320260]
	Ordinal0 [0x00007FF62A98BE29+1293865]
	Ordinal0 [0x00007FF62A9C373B+1521467]
	Ordinal0 [0x00007FF62A9BF2BF+1503935]
	Ordinal0 [0x00007FF62A998061+1343585]
	Ordinal0 [0x00007FF62A99918B+1347979]
	Ordinal0 [0x00007FF62AA40121+2031905]
	Ordinal0 [0x00007FF62AA0C73E+1820478]
	Ordinal0 [0x00007FF62ABE3224+3748388]
	Ordinal0 [0x00007FF62AA0D10E+1822990]
	Ordinal0 [0x00007FF62ACD8874+4753524]
	Ordinal0 [0x00007FF62ACD8174+4751732]
	Ordinal0 [0x00007FF62ACD7FBA+4751290]
	Ordinal0 [0x00007FF62ACAFFD8+4587480]
	BaseThreadInitThunk [0x00007FFDD3FD7034+20]
	RtlUserThreadStart [0x00007FFDD49C2651+33]
">
      <![CDATA[org.openqa.selenium.SessionNotCreatedException: session not created: This version of MSEdgeDriver only supports MSEdge version 90
Current browser version is 92.0.902.62 with binary path C:\Program Files (x86)\Microsoft\Edge\Application\msedge.exe
Build info: version: '3.141.59', revision: 'e82be7d358', time: '2018-11-14T08:25:53'
System info: host: 'DESKTOP-LPU85BR', ip: '192.168.1.6', os.name: 'Windows 10', os.arch: 'amd64', os.version: '10.0', java.version: '1.8.0_281'
Driver info: driver.version: EdgeDriver
remote stacktrace: Backtrace:
Ordinal0 [0x00007FF62ACC5CB2+4676786]
Ordinal0 [0x00007FF62A96D677+1169015]
Ordinal0 [0x00007FF62A99631A+1336090]
Ordinal0 [0x00007FF62A992544+1320260]
Ordinal0 [0x00007FF62A98BE29+1293865]
Ordinal0 [0x00007FF62A9C373B+1521467]
Ordinal0 [0x00007FF62A9BF2BF+1503935]
Ordinal0 [0x00007FF62A998061+1343585]
Ordinal0 [0x00007FF62A99918B+1347979]
Ordinal0 [0x00007FF62AA40121+2031905]
Ordinal0 [0x00007FF62AA0C73E+1820478]
Ordinal0 [0x00007FF62ABE3224+3748388]
Ordinal0 [0x00007FF62AA0D10E+1822990]
Ordinal0 [0x00007FF62ACD8874+4753524]
Ordinal0 [0x00007FF62ACD8174+4751732]
Ordinal0 [0x00007FF62ACD7FBA+4751290]
Ordinal0 [0x00007FF62ACAFFD8+4587480]
BaseThreadInitThunk [0x00007FFDD3FD7034+20]
RtlUserThreadStart [0x00007FFDD49C2651+33]

at org.openqa.selenium.remote.W3CHandshakeResponse.lambda$errorHandler$0(W3CHandshakeResponse.java:62)
at org.openqa.selenium.remote.HandshakeResponse.lambda$getResponseFunction$0(HandshakeResponse.java:30)
at org.openqa.selenium.remote.ProtocolHandshake.lambda$createSession$0(ProtocolHandshake.java:126)
at java.util.stream.ReferencePipeline$3$1.accept(Unknown Source)
at java.util.Spliterators$ArraySpliterator.tryAdvance(Unknown Source)
at java.util.stream.ReferencePipeline.forEachWithCancel(Unknown Source)
at java.util.stream.AbstractPipeline.copyIntoWithCancel(Unknown Source)
at java.util.stream.AbstractPipeline.copyInto(Unknown Source)
at java.util.stream.AbstractPipeline.wrapAndCopyInto(Unknown Source)
at java.util.stream.FindOps$FindOp.evaluateSequential(Unknown Source)
at java.util.stream.AbstractPipeline.evaluate(Unknown Source)
at java.util.stream.ReferencePipeline.findFirst(Unknown Source)
at org.openqa.selenium.remote.ProtocolHandshake.createSession(ProtocolHandshake.java:128)
at org.openqa.selenium.remote.ProtocolHandshake.createSession(ProtocolHandshake.java:74)
at org.openqa.selenium.remote.HttpCommandExecutor.execute(HttpCommandExecutor.java:136)
at org.openqa.selenium.remote.service.DriverCommandExecutor.execute(DriverCommandExecutor.java:83)
at org.openqa.selenium.remote.RemoteWebDriver.execute(RemoteWebDriver.java:552)
at org.openqa.selenium.remote.RemoteWebDriver.startSession(RemoteWebDriver.java:213)
at org.openqa.selenium.remote.RemoteWebDriver.<init>(RemoteWebDriver.java:131)
at org.openqa.selenium.edge.EdgeDriver.<init>(EdgeDriver.java:141)
at org.openqa.selenium.edge.EdgeDriver.<init>(EdgeDriver.java:96)
at com.utils.LibGlobal.getEdgeDriver(LibGlobal.java:41)
at com.sample.Day10Parameters.test1(Day10Parameters.java:23)
at java.util.concurrent.FutureTask.run(Unknown Source)
at java.util.concurrent.ThreadPoolExecutor.runWorker(Unknown Source)
at java.util.concurrent.ThreadPoolExecutor$Worker.run(Unknown Source)
at java.lang.Thread.run(Unknown Source)
... Removed 20 stack frames]]>
    </failure>
  </testcase> <!-- test1 -->
</testsuite> <!-- EdgeTest -->
