<?xml version="1.0" encoding="UTF-8"?>
<testng-results skipped="0" failed="0" ignored="0" total="3" passed="3">
  <reporter-output>
  </reporter-output>
  <suite name="Default suite" duration-ms="72817" started-at="2021-08-07T04:09:27Z" finished-at="2021-08-07T04:10:40Z">
    <groups>
    </groups>
    <test name="Default test" duration-ms="72817" started-at="2021-08-07T04:09:27Z" finished-at="2021-08-07T04:10:40Z">
      <class name="com.sample.Sample">
        <test-method status="PASS" signature="test(java.lang.String, java.lang.String)[pri:0, instance:com.sample.Sample@3ffc5af1]" name="test" duration-ms="34592" started-at="2021-08-07T04:09:27Z" data-provider="login" finished-at="2021-08-07T04:10:02Z">
          <params>
            <param index="0">
              <value>
                <![CDATA[Raja]]>
              </value>
            </param>
            <param index="1">
              <value>
                <![CDATA[1234466]]>
              </value>
            </param>
          </params>
          <reporter-output>
          </reporter-output>
        </test-method> <!-- test -->
        <test-method status="PASS" signature="test(java.lang.String, java.lang.String)[pri:0, instance:com.sample.Sample@3ffc5af1]" name="test" duration-ms="21659" started-at="2021-08-07T04:10:02Z" data-provider="login" finished-at="2021-08-07T04:10:24Z">
          <params>
            <param index="0">
              <value>
                <![CDATA[Karthik]]>
              </value>
            </param>
            <param index="1">
              <value>
                <![CDATA[3456789]]>
              </value>
            </param>
          </params>
          <reporter-output>
          </reporter-output>
        </test-method> <!-- test -->
        <test-method status="PASS" signature="test(java.lang.String, java.lang.String)[pri:0, instance:com.sample.Sample@3ffc5af1]" name="test" duration-ms="16398" started-at="2021-08-07T04:10:24Z" data-provider="login" finished-at="2021-08-07T04:10:40Z">
          <params>
            <param index="0">
              <value>
                <![CDATA[Gowtam]]>
              </value>
            </param>
            <param index="1">
              <value>
                <![CDATA[987654]]>
              </value>
            </param>
          </params>
          <reporter-output>
          </reporter-output>
        </test-method> <!-- test -->
      </class> <!-- com.sample.Sample -->
    </test> <!-- Default test -->
  </suite> <!-- Default suite -->
</testng-results>
